<?xml version="1.0" encoding="UTF-8"?>
<!-- Generated by org.testng.reporters.JUnitReportReporter -->
<testsuite hostname="LAPTOP-1EUG4EGN" failures="0" tests="1" name="testCases.HomePageTest" time="4.325" errors="0" timestamp="2023-11-15T13:37:37 EST" skipped="0">
  <testcase classname="testCases.HomePageTest" name="login" time="4.325"/>
  <system-out/>
</testsuite> <!-- testCases.HomePageTest -->
